[arcstudio.webflow.io/index.html]
[backblue.gif]
[fade.gif]
[index.html]
[assets.website-files.com/60228ac4ff92bcfde58d2cdc/css/arcstudio.webflow.70149592f.css]
[ajax.googleapis.com/ajax/libs/webfont/1.6.26/webfont.js]
[assets.website-files.com/60228ac4ff92bcfde58d2cdc/602afc96c984ec171512dcb2_favicon.png]
[assets.website-files.com/60228ac4ff92bcfde58d2cdc/602afc9c6f25162d26774ba6_webclip.png]
[assets.website-files.com/60228ac4ff92bcfde58d2cdc/6029415a400a92b09460d461_logo_wb.png]
[assets.website-files.com/60228ac4ff92bcfde58d2cdc/6029412bad7fda49bbb71dce_logo_bw.png]
[arcstudio.webflow.io/studio.html]
[arcstudio.webflow.io/projects.html]
[arcstudio.webflow.io/blog.html]
[assets.website-files.com/60228ac4ff92bcfde58d2cdc/602940dfbd9e72c79a310c88_arc_logo.png]
[d3e54v103j8qbb.cloudfront.net/js/jquery-3.5.1.min.dc5e7f18c8bbb1.js]
[arcstudio.webflow.io/index.html]
[assets.website-files.com/60228ac4ff92bcfde58d2cdc/js/webflow.bd5e474c5.js]
[assets.website-files.com/60228ac4ff92bcfde58d2cdc/60365518da48b14dba16d744_Three.png]
[assets.website-files.com/60228ac4ff92bcfde58d2cdc/60365518677cf528836b5f3a_One.png]
[assets.website-files.com/60228ac4ff92bcfde58d2cdc/6036574dcb927402fd8491b9_home three.jpg]
[assets.website-files.com/60228ac4ff92bcfde58d2cdc/6036574df6a90054b2329915_home two.jpg]
[assets.website-files.com/60228ac4ff92bcfde58d2cdc/6036574d476d431177bfb893_home one.jpg]
[assets.website-files.com/60228ac4ff92bcfde58d2cdc/css/arcstudio.webflow.70149592f.css]
[assets.website-files.com/60228ac4ff92bcfde58d2cdc/6036527ddf47c768ed8a433a_About.jpg]
[assets.website-files.com/60228ac4ff92bcfde58d2cdc/602917693653236d35ea274d_pexels-alex-green-6625697.jpg]
[assets.website-files.com/60228ac4ff92bcfde58d2cdc/6029176a6e51f583c28e4e59_pexels-alex-green-6625712.jpg]
[assets.website-files.com/60228ac4ff92bcfde58d2cdc/6029176abd9e72000d30742a_pexels-andrea-piacquadio-3979228.jpg]
[assets.website-files.com/60228ac4ff92bcfde58d2cdc/6026662e5444ec6d59b239c4_Fb.png]
[assets.website-files.com/60228ac4ff92bcfde58d2cdc/6026662e43ad45a490e1d1dd_Ig.png]
[arcstudio.webflow.io/studio.html]
[assets.website-files.com/6023e39f55d84148925a28be/6025b2429a7d11794aeafa1c_image-13.jpg]
[arcstudio.webflow.io/project/green-ribbon-apartments.html]
[assets.website-files.com/6023e39f55d84148925a28be/6025b258073fb0114a37ffc9_image-12.jpg]
[arcstudio.webflow.io/project/clint-minded-manor.html]
[assets.website-files.com/6023e39f55d84148925a28be/6025b2acb2e9787a73805d06_image-14.jpg]
[assets.website-files.com/6023e39f55d84148925a28be/6025b2cd20998efb6b7345e4_image-18.jpg]
[assets.website-files.com/6023e39f55d84148925a28be/6025b3100f96e1ea5e9c33eb_image-15.jpg]
[assets.website-files.com/6023e39f55d84148925a28be/6025b283a11029d99cf4eab8_image-11.jpg]
[arcstudio.webflow.io/project/clamp-guard-52-luxurious-apartments.html]
[assets.website-files.com/6023e39f55d84148925a28be/6025b33ed4add01d3f2a71f8_image-10.jpg]
[assets.website-files.com/6023e39f55d84148925a28be/6025b34da3ec420f24b08787_image-17.jpg]
[arcstudio.webflow.io/projects.html]
[arcstudio.webflow.io/post/going-from-amateur-to-pro-architect-in-less-than-3-years.html]
[arcstudio.webflow.io/blog.html]
[assets.website-files.com/6023e39f55d84148925a28be/6024371a463c5dd0955ae0b9_pexels-max-vakhtbovych-6585607.jpg]
[assets.website-files.com/6023e39f55d84148925a28be/6024371b030a3a9a0e167f39_pexels-max-vakhtbovych-6585609.jpg]
[assets.website-files.com/6023e39f55d84148925a28be/6024371a310aec69e19b4419_pexels-max-vakhtbovych-6585612.jpg]
[assets.website-files.com/6023e39f55d84148925a28be/6024371bb3f1b484ec18dbf7_pexels-max-vakhtbovych-6585616.jpg]
[assets.website-files.com/6023e39f55d84148925a28be/6024371ad0750f87253c1638_pexels-max-vakhtbovych-6585626.jpg]
[assets.website-files.com/6023e39f55d84148925a28be/6024393c463c5de4535ae993_pexels-max-vakhtbovych-6588596.jpg]
[arcstudio.webflow.io/project/green-ribbon-apartments.html]
[assets.website-files.com/6023e39f55d84148925a28be/60243667de236a4638e7fe13_pexels-max-vakhtbovych-6527030.jpg]
[assets.website-files.com/6023e39f55d84148925a28be/60243667873e534fa5c41645_pexels-max-vakhtbovych-6527031.jpg]
[assets.website-files.com/6023e39f55d84148925a28be/6024366760f09c80d1791245_pexels-max-vakhtbovych-6527033.jpg]
[assets.website-files.com/6023e39f55d84148925a28be/60243667873e530ecfc41644_pexels-max-vakhtbovych-6527037.jpg]
[assets.website-files.com/6023e39f55d84148925a28be/6024365bfabbda777eaa9907_pexels-max-vakhtbovych-6527039.jpg]
[arcstudio.webflow.io/project/clint-minded-manor.html]
[assets.website-files.com/6023e39f55d84148925a28be/602426d30146a8381ff41182_pexels-jonathan-borba-5563470.jpg]
[assets.website-files.com/6023e39f55d84148925a28be/602426d24a096315c55dad40_pexels-jonathan-borba-5570226.jpg]
[assets.website-files.com/6023e39f55d84148925a28be/602426bdeabc0006f6068393_pexels-jonathan-borba-5570229.jpg]
[assets.website-files.com/6023e39f55d84148925a28be/602425ae9710fa0853023aca_pexels-jonathan-borba-5570231.jpg]
[assets.website-files.com/6023e39f55d84148925a28be/602429d159cf78caae64d247_pexels-max-vakhtbovych-6444269.jpg]
[arcstudio.webflow.io/project/clamp-guard-52-luxurious-apartments.html]
[arcstudio.webflow.io/post/going-from-amateur-to-pro-architect-in-less-than-3-years.html]
[arcstudio.webflow.io/contact.html]
[arcstudio.webflow.io/template-pages/styleguide.html]
[arcstudio.webflow.io/template-pages/license.html]
[arcstudio.webflow.io/project/town-place-walkups-villa.html]
[arcstudio.webflow.io/project/alby-luxury-landing.html]
[arcstudio.webflow.io/project/base-terminal-jetty.html]
[arcstudio.webflow.io/project/eye-on-hills-homes.html]
[arcstudio.webflow.io/project/cascade-heights.html]
[arcstudio.webflow.io/post/how-to-become-a-good-architect-without-breaking-a-sweat.html]
[arcstudio.webflow.io/_https_/assets.website-files.com/6023e39f55d84148925a28be/60242798f4323672efa0eec0_pexels-max-vakhtbovych-6283961.html]
[arcstudio.webflow.io/post/the-dark-side-of-being-an-architect.html]
[arcstudio.webflow.io/_https_/assets.website-files.com/6023e39f55d84148925a28be/6036383f5fc67a4bc299ecf0_pexels-max-vakhtbovych-6758357.html]
[arcstudio.webflow.io/_https_/assets.website-files.com/6023e39f55d84148925a28be/602429d159cf78caae64d247_pexels-max-vakhtbovych-6444269.html]
[arcstudio.webflow.io/post/all-the-weird-secrets-ive-been-keeping-as-a-junior-architect.html]
[arcstudio.webflow.io/_https_/assets.website-files.com/6023e39f55d84148925a28be/602429c65b3a717e5e76e845_pexels-max-vakhtbovych-6489117.html]
[arcstudio.webflow.io/post/the-gamestop-fiasco-proves-were-in-a-meme-stock-bubble.html]
[arcstudio.webflow.io/_https_/assets.website-files.com/6023e39f55d84148925a28be/60284adc8a827687670a6063_pexels-max-vakhtbovych-6758283.html]
[arcstudio.webflow.io/post/how-to-create-a-endless-stream-of-design-ideas.html]
[arcstudio.webflow.io/_https_/assets.website-files.com/6023e39f55d84148925a28be/60284aff40d9f65f1b661f2a_hamza-madrid-Ymkxb_9-ezA-unsplash-2.html]
[arcstudio.webflow.io/post/ten-things-will-solve-80-of-your-writing-problems.html]
[arcstudio.webflow.io/_https_/assets.website-files.com/6023e39f55d84148925a28be/60284b34f511d1eb3f5c243c_pexels-vecislavas-popa-1571460.html]
[arcstudio.webflow.io/post/10-signs-someone-doesnt-care-about-anyone-other-than-themselves.html]
[arcstudio.webflow.io/_https_/assets.website-files.com/6023e39f55d84148925a28be/60284b52a62e647dc50a85fe_pexels-max-vakhtbovych-6758359.html]
